14:18:20: Creating resource group General
14:18:20: Creating resource group Internal
14:18:20: Creating resource group Autodetect
14:18:20: SceneManagerFactory for type 'DefaultSceneManager' registered.
14:18:20: Registering ResourceManager for type Material
14:18:20: Registering ResourceManager for type Mesh
14:18:20: Registering ResourceManager for type Skeleton
14:18:20: MovableObjectFactory for type 'ParticleSystem' registered.
14:18:20: OverlayElementFactory for type Panel registered.
14:18:20: OverlayElementFactory for type BorderPanel registered.
14:18:20: OverlayElementFactory for type TextArea registered.
14:18:20: Registering ResourceManager for type Font
14:18:20: ArchiveFactory for archive type FileSystem registered.
14:18:20: ArchiveFactory for archive type Zip registered.
14:18:20: FreeImage version: 3.10.0
14:18:20: This program uses FreeImage, a free, open source image library supporting all common bitmap formats. See http://freeimage.sourceforge.net for details
14:18:20: Supported formats: bmp,ico,jpg,jif,jpeg,jpe,jng,koa,iff,lbm,mng,pbm,pbm,pcd,pcx,pgm,pgm,png,ppm,ppm,ras,tga,targa,tif,tiff,wap,wbmp,wbm,psd,cut,xbm,xpm,gif,hdr,g3,sgi,exr,j2k,j2c,jp2
14:18:20: DDS codec registering
14:18:20: Registering ResourceManager for type HighLevelGpuProgram
14:18:20: Registering ResourceManager for type Compositor
14:18:20: MovableObjectFactory for type 'Entity' registered.
14:18:20: MovableObjectFactory for type 'Light' registered.
14:18:20: MovableObjectFactory for type 'BillboardSet' registered.
14:18:20: MovableObjectFactory for type 'ManualObject' registered.
14:18:20: MovableObjectFactory for type 'BillboardChain' registered.
14:18:20: MovableObjectFactory for type 'RibbonTrail' registered.
14:18:20: Loading library C:\PythonOgre\plugins\RenderSystem_GL.dll
14:18:20: Installing plugin: GL RenderSystem
14:18:20: OpenGL Rendering Subsystem created.
14:18:20: Plugin successfully installed
14:18:20: Loading library C:\PythonOgre\plugins\RenderSystem_Direct3D9.dll
14:18:20: Installing plugin: D3D9 RenderSystem
14:18:20: D3D9 : Direct3D9 Rendering Subsystem created.
14:18:20: D3D9: Driver Detection Starts
14:18:20: D3D9: Driver Detection Ends
14:18:20: Plugin successfully installed
14:18:20: Loading library C:\PythonOgre\plugins\Plugin_ParticleFX.dll
14:18:20: Installing plugin: ParticleFX
14:18:20: Particle Emitter Type 'Point' registered
14:18:20: Particle Emitter Type 'Box' registered
14:18:20: Particle Emitter Type 'Ellipsoid' registered
14:18:20: Particle Emitter Type 'Cylinder' registered
14:18:20: Particle Emitter Type 'Ring' registered
14:18:20: Particle Emitter Type 'HollowEllipsoid' registered
14:18:20: Particle Affector Type 'LinearForce' registered
14:18:20: Particle Affector Type 'ColourFader' registered
14:18:20: Particle Affector Type 'ColourFader2' registered
14:18:20: Particle Affector Type 'ColourImage' registered
14:18:20: Particle Affector Type 'ColourInterpolator' registered
14:18:20: Particle Affector Type 'Scaler' registered
14:18:20: Particle Affector Type 'Rotator' registered
14:18:20: Particle Affector Type 'DirectionRandomiser' registered
14:18:20: Particle Affector Type 'DeflectorPlane' registered
14:18:20: Plugin successfully installed
14:18:20: Loading library C:\PythonOgre\plugins\Plugin_BSPSceneManager.dll
14:18:20: Installing plugin: BSP Scene Manager
14:18:20: Plugin successfully installed
14:18:20: Loading library C:\PythonOgre\plugins\Plugin_OctreeSceneManager.dll
14:18:20: Installing plugin: Octree & Terrain Scene Manager
14:18:20: Plugin successfully installed
14:18:20: Loading library C:\PythonOgre\plugins\Plugin_CgProgramManager.dll
14:18:20: Installing plugin: Cg Program Manager
14:18:21: Plugin successfully installed
14:18:21: *-*-* OGRE Initialising
14:18:21: *-*-* Version 1.6.0 (Shoggoth)
14:18:21: Creating resource group 
14:18:21: Added resource location './media/OgreCore.zip' of type 'Zip' to resource group ''
14:18:21: Added resource location './media' of type 'FileSystem' to resource group 'General'
14:18:21: Added resource location './media/Level0' of type 'FileSystem' to resource group 'General'
14:18:21: Added resource location './media/Glob' of type 'FileSystem' to resource group 'General'
14:18:21: Added resource location './media/skybox' of type 'FileSystem' to resource group 'General'
14:18:21: Added resource location './media/Arena' of type 'FileSystem' to resource group 'General'
14:18:21: Added resource location './media/Door' of type 'FileSystem' to resource group 'General'
14:18:21: Added resource location './media/Domi' of type 'FileSystem' to resource group 'General'
14:18:21: Added resource location './media/Platform' of type 'FileSystem' to resource group 'General'
14:18:21: Added resource location './media/Maze' of type 'FileSystem' to resource group 'General'
14:18:21: Added resource location './media/Powerups' of type 'FileSystem' to resource group 'General'
14:18:21: Added resource location './media/Overlays' of type 'FileSystem' to resource group 'General'
14:18:21: Added resource location './media/particle' of type 'FileSystem' to resource group 'General'
14:18:21: Added resource location './media/LargeRamp' of type 'FileSystem' to resource group 'General'
14:18:21: Added resource location './media/FloatPlats' of type 'FileSystem' to resource group 'General'
14:18:21: Added resource location './media/Exit' of type 'FileSystem' to resource group 'General'
14:18:21: D3D9 : RenderSystem Option: Allow NVPerfHUD = No
14:18:21: D3D9 : RenderSystem Option: Anti aliasing = None
14:18:21: D3D9 : RenderSystem Option: Floating-point mode = Fastest
14:18:21: D3D9 : RenderSystem Option: Full Screen = Yes
14:18:21: D3D9 : RenderSystem Option: Rendering Device = 256MB ATI RADEON X600
14:18:21: D3D9 : RenderSystem Option: VSync = No
14:18:21: D3D9 : RenderSystem Option: Video Mode = 800 x 600 @ 32-bit colour
14:18:21: D3D9 : RenderSystem Option: sRGB Gamma Conversion = No
14:18:21: CPU Identifier & Features
14:18:21: -------------------------
14:18:21:  *   CPU ID: GenuineIntel: Intel(R) Pentium(R) D CPU 3.20GHz
14:18:21:  *      SSE: yes
14:18:21:  *     SSE2: yes
14:18:21:  *     SSE3: yes
14:18:21:  *      MMX: yes
14:18:21:  *   MMXEXT: yes
14:18:21:  *    3DNOW: no
14:18:21:  * 3DNOWEXT: no
14:18:21:  *     CMOV: yes
14:18:21:  *      TSC: yes
14:18:21:  *      FPU: yes
14:18:21:  *      PRO: yes
14:18:21:  *       HT: yes
14:18:21: -------------------------
14:18:21: *** Starting Win32GL Subsystem ***
14:18:21: GLRenderSystem::_createRenderWindow "Glob of Music", 1024x768 windowed  miscParams: FSAA=0 colourDepth=32 displayFrequency=0 gamma=false vsync=false 
14:18:21: Created Win32Window 'Glob of Music' : 1024x768, 32bpp
14:18:21: GL_VERSION = 2.0.5885 WinXP Release
14:18:21: GL_VENDOR = ATI Technologies Inc.
14:18:21: GL_RENDERER = RADEON X600 PRO x86/SSE2
14:18:21: GL_EXTENSIONS = GL_ARB_multitexture GL_EXT_texture_env_add GL_EXT_compiled_vertex_array GL_S3_s3tc GL_ARB_depth_texture GL_ARB_fragment_program GL_ARB_fragment_program_shadow GL_ARB_fragment_shader GL_ARB_multisample GL_ARB_occlusion_query GL_ARB_point_parameters GL_ARB_point_sprite GL_ARB_shader_objects GL_ARB_shading_language_100 GL_ARB_shadow GL_ARB_shadow_ambient GL_ARB_texture_border_clamp GL_ARB_texture_compression GL_ARB_texture_cube_map GL_ARB_texture_env_add GL_ARB_texture_env_combine GL_ARB_texture_env_crossbar GL_ARB_texture_env_dot3 GL_ARB_texture_mirrored_repeat GL_ARB_transpose_matrix GL_ARB_vertex_blend GL_ARB_vertex_buffer_object GL_ARB_vertex_program GL_ARB_vertex_shader GL_ARB_window_pos GL_ARB_draw_buffers GL_ATI_draw_buffers GL_ATI_element_array GL_ATI_envmap_bumpmap GL_ATI_fragment_shader GL_ATI_map_object_buffer GL_ATI_separate_stencil GL_ATI_texture_env_combine3 GL_ATI_texture_float GL_ATI_texture_mirror_once GL_ATI_vertex_array_object GL_ATI_vertex_attrib_array_object GL_ATI_vertex_streams GL_ATIX_texture_env_combine3 GL_ATIX_texture_env_route GL_ATIX_vertex_shader_output_point_size GL_EXT_abgr GL_EXT_bgra GL_EXT_blend_color GL_EXT_blend_func_separate GL_EXT_blend_minmax GL_EXT_blend_subtract GL_EXT_clip_volume_hint GL_EXT_draw_range_elements GL_EXT_fog_coord GL_EXT_framebuffer_object GL_EXT_multi_draw_arrays GL_EXT_packed_pixels GL_EXT_point_parameters GL_EXT_rescale_normal GL_EXT_secondary_color GL_EXT_separate_specular_color GL_EXT_shadow_funcs GL_EXT_stencil_wrap GL_EXT_texgen_reflection GL_EXT_texture3D GL_EXT_texture_compression_s3tc GL_EXT_texture_cube_map GL_EXT_texture_edge_clamp GL_EXT_texture_env_combine GL_EXT_texture_env_dot3 GL_EXT_texture_filter_anisotropic GL_EXT_texture_lod_bias GL_EXT_texture_mirror_clamp GL_EXT_texture_object GL_EXT_texture_rectangle GL_EXT_vertex_array GL_EXT_vertex_shader GL_HP_occlusion_test GL_NV_blend_square GL_NV_occlusion_query GL_NV_texgen_reflection GL_SGI_color_matrix GL_SGIS_generate_mipmap GL_SGIS_multitexture GL_SGIS_texture_border_clamp GL_SGIS_texture_edge_clamp GL_SGIS_texture_lod GL_SUN_multi_draw_arrays GL_WIN_swap_hint WGL_EXT_extensions_string WGL_EXT_swap_control 
14:18:21: Supported WGL extensions: WGL_ARB_extensions_string WGL_ARB_make_current_read WGL_ARB_multisample WGL_ARB_pbuffer WGL_ARB_pixel_format WGL_ARB_render_texture WGL_ATI_pixel_format_float WGL_EXT_extensions_string WGL_EXT_swap_control WGL_ATI_render_texture_rectangle 
14:18:21: ***************************
14:18:21: *** GL Renderer Started ***
14:18:21: ***************************
14:18:21: Registering ResourceManager for type GpuProgram
14:18:21: GLSL support detected
14:18:21: GL: Using GL_EXT_framebuffer_object for rendering to textures (best)
14:18:21: FBO PF_UNKNOWN depth/stencil support: D16S0 D24S0 D32S0 
14:18:21: FBO PF_R5G6B5 depth/stencil support: D0S0 D16S0 D24S0 D32S0 
14:18:21: FBO PF_B5G6R5 depth/stencil support: D0S0 D16S0 D24S0 D32S0 
14:18:21: FBO PF_A4R4G4B4 depth/stencil support: D0S0 D16S0 D24S0 D32S0 
14:18:21: FBO PF_A1R5G5B5 depth/stencil support: D0S0 D16S0 D24S0 D32S0 
14:18:21: FBO PF_R8G8B8 depth/stencil support: D0S0 D16S0 D24S0 D32S0 
14:18:21: FBO PF_B8G8R8 depth/stencil support: D0S0 D16S0 D24S0 D32S0 
14:18:21: FBO PF_A8R8G8B8 depth/stencil support: D0S0 D16S0 D24S0 D32S0 
14:18:21: FBO PF_B8G8R8A8 depth/stencil support: D0S0 D16S0 D24S0 D32S0 
14:18:21: FBO PF_A2R10G10B10 depth/stencil support: D0S0 D16S0 D24S0 D32S0 
14:18:21: FBO PF_A2B10G10R10 depth/stencil support: D0S0 D16S0 D24S0 D32S0 
14:18:21: FBO PF_FLOAT16_RGB depth/stencil support: D0S0 D16S0 D24S0 D32S0 
14:18:21: FBO PF_FLOAT16_RGBA depth/stencil support: D0S0 D16S0 D24S0 D32S0 
14:18:21: FBO PF_FLOAT32_RGB depth/stencil support: D0S0 D16S0 D24S0 D32S0 
14:18:21: FBO PF_FLOAT32_RGBA depth/stencil support: D0S0 D16S0 D24S0 D32S0 
14:18:21: FBO PF_X8R8G8B8 depth/stencil support: D0S0 D16S0 D24S0 D32S0 
14:18:21: FBO PF_X8B8G8R8 depth/stencil support: D0S0 D16S0 D24S0 D32S0 
14:18:21: FBO PF_SHORT_RGBA depth/stencil support: D0S0 D16S0 D24S0 D32S0 
14:18:21: FBO PF_R3G3B2 depth/stencil support: D0S0 D16S0 D24S0 D32S0 
14:18:21: FBO PF_SHORT_RGB depth/stencil support: D0S0 D16S0 D24S0 D32S0 
14:18:21: [GL] : Valid FBO targets PF_UNKNOWN PF_R5G6B5 PF_B5G6R5 PF_A4R4G4B4 PF_A1R5G5B5 PF_R8G8B8 PF_B8G8R8 PF_A8R8G8B8 PF_B8G8R8A8 PF_A2R10G10B10 PF_A2B10G10R10 PF_FLOAT16_RGB PF_FLOAT16_RGBA PF_FLOAT32_RGB PF_FLOAT32_RGBA PF_X8R8G8B8 PF_X8B8G8R8 PF_SHORT_RGBA PF_R3G3B2 PF_SHORT_RGB 
14:18:21: RenderSystem capabilities
14:18:21: -------------------------
14:18:21: RenderSystem Name: OpenGL Rendering Subsystem
14:18:21: GPU Vendor: ati
14:18:21: Device Name: RADEON X600 PRO x86/SSE2
14:18:21: Driver Version: 2.0.5885.0
14:18:21:  * Fixed function pipeline: yes
14:18:21:  * Hardware generation of mipmaps: yes
14:18:21:  * Texture blending: yes
14:18:21:  * Anisotropic texture filtering: yes
14:18:21:  * Dot product texture operation: yes
14:18:21:  * Cube mapping: yes
14:18:22:  * Hardware stencil buffer: yes
14:18:22:    - Stencil depth: 8
14:18:22:    - Two sided stencil support: yes
14:18:22:    - Wrap stencil values: yes
14:18:22:  * Hardware vertex / index buffers: yes
14:18:22:  * Vertex programs: yes
14:18:22:  * Fragment programs: yes
14:18:22:  * Geometry programs: no
14:18:22:  * Supported Shader Profiles: arbfp1 arbvp1 glsl ps_1_1 ps_1_2 ps_1_3 ps_1_4
14:18:22:  * Texture Compression: yes
14:18:22:    - DXT: yes
14:18:22:    - VTC: no
14:18:22:  * Scissor Rectangle: yes
14:18:22:  * Hardware Occlusion Query: yes
14:18:22:  * User clip planes: yes
14:18:22:  * VET_UBYTE4 vertex element type: yes
14:18:22:  * Infinite far plane projection: yes
14:18:22:  * Hardware render-to-texture: yes
14:18:22:  * Floating point textures: yes
14:18:22:  * Non-power-of-two textures: no
14:18:22:  * Volume textures: yes
14:18:22:  * Multiple Render Targets: 4
14:18:22:    - With different bit depths: yes
14:18:22:  * Point Sprites: yes
14:18:22:  * Extended point parameters: yes
14:18:22:  * Max Point Size: 1024
14:18:22:  * Vertex texture fetch: no
14:18:22:  * Render to Vertex Buffer : no
14:18:22:  * GL 1.5 without VBO workaround: no
14:18:22:  * Frame Buffer objects: yes
14:18:22:  * Frame Buffer objects (ARB extension): no
14:18:22:  * Frame Buffer objects (ATI extension): no
14:18:22:  * PBuffer suppport: no
14:18:22:  * GL 1.5 without HW-occlusion workaround: no
14:18:22: Registering ResourceManager for type Texture
14:18:22: ResourceBackgroundQueue - threading enabled, starting own thread
14:18:22: ResourceBackgroundQueue - thread starting.
14:18:22: Particle Renderer Type 'billboard' registered
14:18:22: SceneManagerFactory for type 'BspSceneManager' registered.
14:18:22: Registering ResourceManager for type BspLevel
14:18:22: SceneManagerFactory for type 'OctreeSceneManager' registered.
14:18:22: SceneManagerFactory for type 'TerrainSceneManager' registered.
14:18:22: Parsing scripts for resource group 
14:18:22: Parsing script OgreCore.material
14:18:22: Parsing script OgreProfiler.material
14:18:22: Parsing script Ogre.fontdef
14:18:22: Parsing script OgreDebugPanel.overlay
14:18:22: Texture: New_Ogre_Border_Center.png: Loading 1 faces(PF_A8R8G8B8,256x128x1) with 5 hardware generated mipmaps from Image. Internal format is PF_A8R8G8B8,256x128x1.
14:18:22: Texture: New_Ogre_Border.png: Loading 1 faces(PF_A8R8G8B8,256x256x1) with 5 hardware generated mipmaps from Image. Internal format is PF_A8R8G8B8,256x256x1.
14:18:22: Texture: New_Ogre_Border_Break.png: Loading 1 faces(PF_A8R8G8B8,32x32x1) with 5 hardware generated mipmaps from Image. Internal format is PF_A8R8G8B8,32x32x1.
14:18:22: Font BlueHighwayusing texture size 512x512
14:18:22: Info: Freetype returned null for character 127 in font BlueHighway
14:18:22: Info: Freetype returned null for character 128 in font BlueHighway
14:18:22: Info: Freetype returned null for character 129 in font BlueHighway
14:18:22: Info: Freetype returned null for character 130 in font BlueHighway
14:18:22: Info: Freetype returned null for character 131 in font BlueHighway
14:18:22: Info: Freetype returned null for character 132 in font BlueHighway
14:18:22: Info: Freetype returned null for character 133 in font BlueHighway
14:18:22: Info: Freetype returned null for character 134 in font BlueHighway
14:18:22: Info: Freetype returned null for character 135 in font BlueHighway
14:18:22: Info: Freetype returned null for character 136 in font BlueHighway
14:18:22: Info: Freetype returned null for character 137 in font BlueHighway
14:18:22: Info: Freetype returned null for character 138 in font BlueHighway
14:18:22: Info: Freetype returned null for character 139 in font BlueHighway
14:18:22: Info: Freetype returned null for character 140 in font BlueHighway
14:18:22: Info: Freetype returned null for character 141 in font BlueHighway
14:18:22: Info: Freetype returned null for character 142 in font BlueHighway
14:18:22: Info: Freetype returned null for character 143 in font BlueHighway
14:18:22: Info: Freetype returned null for character 144 in font BlueHighway
14:18:22: Info: Freetype returned null for character 145 in font BlueHighway
14:18:22: Info: Freetype returned null for character 146 in font BlueHighway
14:18:22: Info: Freetype returned null for character 147 in font BlueHighway
14:18:22: Info: Freetype returned null for character 148 in font BlueHighway
14:18:22: Info: Freetype returned null for character 149 in font BlueHighway
14:18:22: Info: Freetype returned null for character 150 in font BlueHighway
14:18:22: Info: Freetype returned null for character 151 in font BlueHighway
14:18:22: Info: Freetype returned null for character 152 in font BlueHighway
14:18:22: Info: Freetype returned null for character 153 in font BlueHighway
14:18:22: Info: Freetype returned null for character 154 in font BlueHighway
14:18:22: Info: Freetype returned null for character 155 in font BlueHighway
14:18:22: Info: Freetype returned null for character 156 in font BlueHighway
14:18:22: Info: Freetype returned null for character 157 in font BlueHighway
14:18:22: Info: Freetype returned null for character 158 in font BlueHighway
14:18:22: Info: Freetype returned null for character 159 in font BlueHighway
14:18:22: Info: Freetype returned null for character 160 in font BlueHighway
14:18:22: Texture: BlueHighwayTexture: Loading 1 faces(PF_BYTE_LA,512x512x1) with  hardware generated mipmaps from Image. Internal format is PF_BYTE_LA,512x512x1.
14:18:22: Texture: ogretext.png: Loading 1 faces(PF_A8R8G8B8,256x128x1) with 5 hardware generated mipmaps from Image. Internal format is PF_A8R8G8B8,256x128x1.
14:18:22: Parsing script OgreLoadingPanel.overlay
14:18:22: Finished parsing scripts for resource group 
14:18:22: Parsing scripts for resource group Autodetect
14:18:22: Finished parsing scripts for resource group Autodetect
14:18:22: Parsing scripts for resource group General
14:18:22: Parsing script glob.material
14:18:22: Parsing script RedSky.material
14:18:22: Parsing script Arena.material
14:18:22: Parsing script door.material
14:18:22: Parsing script pdoor0.material
14:18:22: Parsing script autoDomino.material
14:18:22: Parsing script Domino.material
14:18:22: Parsing script Scene.material
14:18:22: Parsing script plat.material
14:18:22: Parsing script stoplight-platforms.material
14:18:22: Parsing script thinplat.material
14:18:22: Parsing script thinplat2.material
14:18:22: Parsing script MazeGlass.material
14:18:22: Parsing script Scene.material
14:18:22: Parsing script GravityLift.material
14:18:22: Parsing script Overlays.material
14:18:22: Parsing script LRamp.material
14:18:22: Parsing script Ramp4.material
14:18:22: Parsing script plat1.material
14:18:22: Parsing script emitted_emitter.particle
14:18:22: Parsing script Example.particle
14:18:22: Parsing script njrFireworks.particle
14:18:22: Parsing script Antigravity.overlay
14:18:22: Texture: Antigravity.png: Loading 1 faces(PF_A8R8G8B8,512x128x1) with 5 hardware generated mipmaps from Image. Internal format is PF_A8R8G8B8,512x128x1.
14:18:22: Parsing script AreaClear.overlay
14:18:22: Texture: AreaClear.png: Loading 1 faces(PF_A8R8G8B8,256x128x1) with 5 hardware generated mipmaps from Image. Internal format is PF_A8R8G8B8,256x128x1.
14:18:22: Parsing script Congrats.overlay
14:18:22: Texture: Congrats.png: Loading 1 faces(PF_A8R8G8B8,256x128x1) with 5 hardware generated mipmaps from Image. Internal format is PF_A8R8G8B8,256x128x1.
14:18:22: Parsing script DoorLocked.overlay
14:18:22: Texture: DoorLocked.png: Loading 1 faces(PF_A8R8G8B8,512x64x1) with 5 hardware generated mipmaps from Image. Internal format is PF_A8R8G8B8,512x64x1.
14:18:22: Parsing script NameCard.overlay
14:18:22: Texture: NameCard.png: Loading 1 faces(PF_A8R8G8B8,800x600x1) with 5 hardware generated mipmaps from Image. Internal format is PF_A8R8G8B8,1024x1024x1.
14:18:22: Parsing script TitleCard.overlay
14:18:22: Texture: TitleCard.png: Loading 1 faces(PF_A8R8G8B8,800x600x1) with 5 hardware generated mipmaps from Image. Internal format is PF_A8R8G8B8,1024x1024x1.
14:18:22: Finished parsing scripts for resource group General
14:18:22: Parsing scripts for resource group Internal
14:18:22: Finished parsing scripts for resource group Internal
14:18:22: *-*-* OgreAL Initialization
14:18:22: MovableObjectFactory for type 'OgreAL_Sound' registered.
14:18:22: MovableObjectFactory for type 'OgreAL_Listener' registered.
14:18:22: *-*-* Creating OpenAL
14:18:22: OpenAL Version: 1.1
14:18:22: Available Devices
14:18:22: -----------------
14:18:22:  * DirectSound Software
14:18:22: Choosing: DirectSound Software
14:18:22: Supported Formats
14:18:22: -----------------
14:18:22: EFX Extension Found
14:18:22: Mesh: Loading Glob.mesh.
14:18:22: Texture: RedSky_fr.jpg: Loading 1 faces(PF_R8G8B8,512x512x1) with 5 hardware generated mipmaps from Image. Internal format is PF_X8R8G8B8,512x512x1.
14:18:22: Texture: RedSky_bk.jpg: Loading 1 faces(PF_R8G8B8,512x512x1) with 5 hardware generated mipmaps from Image. Internal format is PF_X8R8G8B8,512x512x1.
14:18:22: Texture: RedSky_lf.jpg: Loading 1 faces(PF_R8G8B8,512x512x1) with 5 hardware generated mipmaps from Image. Internal format is PF_X8R8G8B8,512x512x1.
14:18:22: Texture: RedSky_rt.jpg: Loading 1 faces(PF_R8G8B8,512x512x1) with 5 hardware generated mipmaps from Image. Internal format is PF_X8R8G8B8,512x512x1.
14:18:22: Texture: RedSky_up.jpg: Loading 1 faces(PF_R8G8B8,512x512x1) with 5 hardware generated mipmaps from Image. Internal format is PF_X8R8G8B8,512x512x1.
14:18:23: Texture: RedSky_dn.jpg: Loading 1 faces(PF_R8G8B8,512x512x1) with 5 hardware generated mipmaps from Image. Internal format is PF_X8R8G8B8,512x512x1.
14:18:23: Mesh: Loading ArenaEnd.mesh.
14:18:23: Mesh: Loading Arena.mesh.
14:18:23: Mesh: Loading platform.mesh.
14:18:23: Mesh: Loading door.mesh.
14:18:23: Texture: door.png: Loading 1 faces(PF_R8G8B8,512x1024x1) with 5 hardware generated mipmaps from Image. Internal format is PF_X8R8G8B8,512x1024x1.
14:18:23: Mesh: Loading plat1.mesh.
14:18:23: Can't assign material plat to SubEntity of plat1 because this Material does not exist. Have you forgotten to define it in a .material script?
14:18:23: Can't assign material plat to SubEntity of plat2 because this Material does not exist. Have you forgotten to define it in a .material script?
14:18:23: Mesh: Loading plat2.mesh.
14:18:23: Can't assign material plat to SubEntity of plat3 because this Material does not exist. Have you forgotten to define it in a .material script?
14:18:23: Can't assign material plat to SubEntity of plat4 because this Material does not exist. Have you forgotten to define it in a .material script?
14:18:23: Mesh: Loading plat3.mesh.
14:18:23: Can't assign material plat to SubEntity of plat5 because this Material does not exist. Have you forgotten to define it in a .material script?
14:18:23: Mesh: Loading RampStart.mesh.
14:18:23: Can't assign material LRamp to SubEntity of Ramp_Start because this Material does not exist. Have you forgotten to define it in a .material script?
14:18:23: Mesh: Loading ramp2.mesh.
14:18:23: Can't assign material Material to SubEntity of Ramp_2 because this Material does not exist. Have you forgotten to define it in a .material script?
14:18:23: Mesh: Loading ramp3.mesh.
14:18:23: Can't assign material LRamp to SubEntity of Ramp_3 because this Material does not exist. Have you forgotten to define it in a .material script?
14:18:23: Mesh: Loading ramp4.mesh.
14:18:23: Can't assign material LRamp to SubEntity of Ramp_4 because this Material does not exist. Have you forgotten to define it in a .material script?
14:18:23: Mesh: Loading ramp5.mesh.
14:18:23: Can't assign material LRamp to SubEntity of Ramp_5 because this Material does not exist. Have you forgotten to define it in a .material script?
14:18:23: Mesh: Loading ramp6.mesh.
14:18:23: Can't assign material LRamp to SubEntity of Ramp_6 because this Material does not exist. Have you forgotten to define it in a .material script?
14:18:23: Mesh: Loading ramp7.mesh.
14:18:23: Can't assign material LRamp to SubEntity of Ramp_7 because this Material does not exist. Have you forgotten to define it in a .material script?
14:18:23: Mesh: Loading ramp8.mesh.
14:18:23: Can't assign material LRamp to SubEntity of Ramp_8 because this Material does not exist. Have you forgotten to define it in a .material script?
14:18:23: Texture: MusicDoor.jpg: Loading 1 faces(PF_R8G8B8,512x512x1) with 5 hardware generated mipmaps from Image. Internal format is PF_X8R8G8B8,512x512x1.
14:18:24: Texture: spot_shadow_fade.png: Loading 1 faces(PF_R8G8B8,128x128x1) with 5 hardware generated mipmaps from Image. Internal format is PF_X8R8G8B8,128x128x1.
14:20:14: Mesh: Loading Domino.mesh.
14:20:14: Mesh: Loading WoodPallet.mesh.
14:20:14: Can't assign material WoodPallet to SubEntity of ResetDominoes because this Material does not exist. Have you forgotten to define it in a .material script?
14:20:14: Texture: WoodPallet.png: Loading 1 faces(PF_R8G8B8,256x256x1) with 5 hardware generated mipmaps from Image. Internal format is PF_X8R8G8B8,256x256x1.
14:21:24: Mesh: Loading ramp.mesh.
14:21:24: Can't assign material Material to SubEntity of plramp_30.000000_0.500000_-25.000000 because this Material does not exist. Have you forgotten to define it in a .material script?
14:21:24: Can't assign material Material to SubEntity of plramp_30.000000_1.500000_-24.000000 because this Material does not exist. Have you forgotten to define it in a .material script?
14:21:25: Can't assign material Material to SubEntity of plramp_30.000000_2.500000_-23.000000 because this Material does not exist. Have you forgotten to define it in a .material script?
14:21:25: Can't assign material Material to SubEntity of plramp_30.000000_3.500000_-22.000000 because this Material does not exist. Have you forgotten to define it in a .material script?
14:21:25: Can't assign material Material to SubEntity of plramp_30.000000_4.500000_-21.000000 because this Material does not exist. Have you forgotten to define it in a .material script?
14:21:25: Can't assign material Material to SubEntity of plramp_30.000000_5.500000_-20.000000 because this Material does not exist. Have you forgotten to define it in a .material script?
14:21:25: Can't assign material Material to SubEntity of plramp_30.000000_6.500000_-19.000000 because this Material does not exist. Have you forgotten to define it in a .material script?
14:21:25: Can't assign material Material to SubEntity of plramp_30.000000_7.500000_-18.000000 because this Material does not exist. Have you forgotten to define it in a .material script?
14:21:25: Can't assign material Material to SubEntity of plramp_30.000000_8.500000_-17.000000 because this Material does not exist. Have you forgotten to define it in a .material script?
14:21:25: Can't assign material Material to SubEntity of plramp_30.000000_9.500000_-16.000000 because this Material does not exist. Have you forgotten to define it in a .material script?
14:21:25: Can't assign material Material to SubEntity of plramp_30.000000_10.500000_-15.000000 because this Material does not exist. Have you forgotten to define it in a .material script?
14:21:25: Can't assign material Material to SubEntity of plramp_30.000000_11.500000_-14.000000 because this Material does not exist. Have you forgotten to define it in a .material script?
14:21:25: Can't assign material Material to SubEntity of plramp_30.000000_12.500000_-13.000000 because this Material does not exist. Have you forgotten to define it in a .material script?
14:21:25: Can't assign material Material to SubEntity of plramp_30.000000_13.500000_-12.000000 because this Material does not exist. Have you forgotten to define it in a .material script?
14:21:25: Can't assign material Material to SubEntity of plramp_30.000000_14.500000_-11.000000 because this Material does not exist. Have you forgotten to define it in a .material script?
14:21:25: Mesh: Loading thinplat.mesh.
14:21:25: Can't assign material Material to SubEntity of plramp_25.000000_14.000000_15.000000 because this Material does not exist. Have you forgotten to define it in a .material script?
14:21:25: Can't assign material Material to SubEntity of plramp_24.000000_13.000000_15.000000 because this Material does not exist. Have you forgotten to define it in a .material script?
14:21:25: Can't assign material Material to SubEntity of plramp_23.000000_12.000000_15.000000 because this Material does not exist. Have you forgotten to define it in a .material script?
14:21:25: Can't assign material Material to SubEntity of plramp_22.000000_11.000000_15.000000 because this Material does not exist. Have you forgotten to define it in a .material script?
14:21:25: Can't assign material Material to SubEntity of plramp_21.000000_10.000000_15.000000 because this Material does not exist. Have you forgotten to define it in a .material script?
14:21:25: Can't assign material Material to SubEntity of plramp_5.000000_10.000000_15.000000 because this Material does not exist. Have you forgotten to define it in a .material script?
14:21:25: Can't assign material Material to SubEntity of plramp_4.000000_11.000000_15.000000 because this Material does not exist. Have you forgotten to define it in a .material script?
14:21:25: Can't assign material Material to SubEntity of plramp_3.000000_12.000000_15.000000 because this Material does not exist. Have you forgotten to define it in a .material script?
14:21:25: Can't assign material Material to SubEntity of plramp_2.000000_13.000000_15.000000 because this Material does not exist. Have you forgotten to define it in a .material script?
14:21:25: Can't assign material Material to SubEntity of plramp_1.000000_14.000000_15.000000 because this Material does not exist. Have you forgotten to define it in a .material script?
14:21:25: Can't assign material Material to SubEntity of plramp_0.000000_14.000000_15.000000 because this Material does not exist. Have you forgotten to define it in a .material script?
14:21:25: Can't assign material Material to SubEntity of plramp_-1.000000_13.000000_15.000000 because this Material does not exist. Have you forgotten to define it in a .material script?
14:21:25: Can't assign material Material to SubEntity of plramp_-2.000000_12.000000_15.000000 because this Material does not exist. Have you forgotten to define it in a .material script?
14:21:25: Can't assign material Material to SubEntity of plramp_-3.000000_11.000000_15.000000 because this Material does not exist. Have you forgotten to define it in a .material script?
14:21:25: Can't assign material Material to SubEntity of plramp_-4.000000_10.000000_15.000000 because this Material does not exist. Have you forgotten to define it in a .material script?
14:21:25: Can't assign material Material to SubEntity of plramp_-20.000000_10.000000_-16.000000 because this Material does not exist. Have you forgotten to define it in a .material script?
14:21:25: Can't assign material Material to SubEntity of plramp_-19.000000_11.000000_-16.000000 because this Material does not exist. Have you forgotten to define it in a .material script?
14:21:25: Can't assign material Material to SubEntity of plramp_-18.000000_12.000000_-16.000000 because this Material does not exist. Have you forgotten to define it in a .material script?
14:21:25: Can't assign material Material to SubEntity of plramp_-17.000000_13.000000_-16.000000 because this Material does not exist. Have you forgotten to define it in a .material script?
14:21:25: Can't assign material Material to SubEntity of plramp_-16.000000_14.000000_-16.000000 because this Material does not exist. Have you forgotten to define it in a .material script?
14:21:25: Can't assign material Material to SubEntity of plramp_-15.000000_15.000000_-16.000000 because this Material does not exist. Have you forgotten to define it in a .material script?
14:21:25: Can't assign material Material to SubEntity of plramp_-14.000000_16.000000_-16.000000 because this Material does not exist. Have you forgotten to define it in a .material script?
14:21:25: Can't assign material Material to SubEntity of plramp_-13.000000_17.000000_-16.000000 because this Material does not exist. Have you forgotten to define it in a .material script?
14:21:25: Can't assign material Material to SubEntity of plramp_-12.000000_18.000000_-16.000000 because this Material does not exist. Have you forgotten to define it in a .material script?
14:21:25: Can't assign material Material to SubEntity of plramp_-11.000000_19.000000_-16.000000 because this Material does not exist. Have you forgotten to define it in a .material script?
14:21:25: Mesh: Loading pdoor0.mesh.
14:25:38: Mesh: Loading GravityLift.mesh.
14:25:38: Mesh: Loading VPlane2.mesh.
14:25:38: Mesh: Loading HPlane.mesh.
14:25:38: Mesh: Loading VPlane.mesh.
14:25:38: Mesh: Loading Hole.mesh.
14:25:38: Mesh: Loading MazeDoor.mesh.
14:25:38: Mesh: Loading Cube.mesh.
14:29:46: OGRE EXCEPTION(40964:): Failed to delete Buffers, must still be in use.: OpenAL Error: There is no current context in OgreAL::Sound::~Sound
14:29:46: OGRE EXCEPTION(40964:): Failed to delete Buffers, must still be in use.: OpenAL Error: There is no current context in OgreAL::Sound::~Sound
14:29:46: OGRE EXCEPTION(40964:): Failed to delete Buffers, must still be in use.: OpenAL Error: There is no current context in OgreAL::Sound::~Sound
14:29:46: OGRE EXCEPTION(40964:): Failed to delete Buffers, must still be in use.: OpenAL Error: There is no current context in OgreAL::Sound::~Sound
14:29:46: OGRE EXCEPTION(40964:): Failed to delete Buffers, must still be in use.: OpenAL Error: There is no current context in OgreAL::Sound::~Sound
14:29:46: OGRE EXCEPTION(40964:): Failed to delete Buffers, must still be in use.: OpenAL Error: There is no current context in OgreAL::Sound::~Sound
14:29:46: OGRE EXCEPTION(40964:): Failed to delete Buffers, must still be in use.: OpenAL Error: There is no current context in OgreAL::Sound::~Sound
14:29:46: OGRE EXCEPTION(40964:): Failed to delete Buffers, must still be in use.: OpenAL Error: There is no current context in OgreAL::Sound::~Sound
14:29:46: OGRE EXCEPTION(40964:): Failed to delete Buffers, must still be in use.: OpenAL Error: There is no current context in OgreAL::Sound::~Sound
14:29:46: OGRE EXCEPTION(40964:): Failed to delete Buffers, must still be in use.: OpenAL Error: There is no current context in OgreAL::Sound::~Sound
14:29:46: OGRE EXCEPTION(40964:): Failed to delete Buffers, must still be in use.: OpenAL Error: There is no current context in OgreAL::Sound::~Sound
14:29:46: OGRE EXCEPTION(40964:): Failed to delete Buffers, must still be in use.: OpenAL Error: There is no current context in OgreAL::Sound::~Sound
14:29:46: OGRE EXCEPTION(40964:): Failed to delete Buffers, must still be in use.: OpenAL Error: There is no current context in OgreAL::Sound::~Sound
14:29:46: OGRE EXCEPTION(40964:): Failed to delete Buffers, must still be in use.: OpenAL Error: There is no current context in OgreAL::Sound::~Sound
14:29:46: OGRE EXCEPTION(40964:): Failed to delete Buffers, must still be in use.: OpenAL Error: There is no current context in OgreAL::Sound::~Sound
14:29:46: OGRE EXCEPTION(40964:): Failed to delete Buffers, must still be in use.: OpenAL Error: There is no current context in OgreAL::Sound::~Sound
14:29:46: OGRE EXCEPTION(40964:): Failed to delete Buffers, must still be in use.: OpenAL Error: There is no current context in OgreAL::Sound::~Sound
14:29:46: OGRE EXCEPTION(40964:): Failed to delete Buffers, must still be in use.: OpenAL Error: There is no current context in OgreAL::Sound::~Sound
14:29:46: OGRE EXCEPTION(40964:): Failed to delete Buffers, must still be in use.: OpenAL Error: There is no current context in OgreAL::Sound::~Sound
14:29:46: OGRE EXCEPTION(40964:): Failed to delete Buffers, must still be in use.: OpenAL Error: There is no current context in OgreAL::Sound::~Sound
14:29:46: OGRE EXCEPTION(40964:): Failed to delete Buffers, must still be in use.: OpenAL Error: There is no current context in OgreAL::Sound::~Sound
14:29:46: OGRE EXCEPTION(40964:): Failed to delete Buffers, must still be in use.: OpenAL Error: There is no current context in OgreAL::Sound::~Sound
14:29:46: *-*-* OgreAL Shutdown
14:29:46: *-*-* Releasing OpenAL
14:29:46: Unregistering ResourceManager for type BspLevel
14:29:46: ResourceBackgroundQueue - thread stopped.
14:29:46: *-*-* OGRE Shutdown
14:29:46: Unregistering ResourceManager for type Compositor
14:29:46: Unregistering ResourceManager for type Font
14:29:46: Unregistering ResourceManager for type Skeleton
14:29:46: Unregistering ResourceManager for type Mesh
14:29:46: Unregistering ResourceManager for type HighLevelGpuProgram
14:29:46: Uninstalling plugin: Cg Program Manager
14:29:46: Plugin successfully uninstalled
14:29:46: Unloading library C:\PythonOgre\plugins\Plugin_CgProgramManager.dll
14:29:46: Uninstalling plugin: Octree & Terrain Scene Manager
14:29:46: Plugin successfully uninstalled
14:29:47: Unloading library C:\PythonOgre\plugins\Plugin_OctreeSceneManager.dll
14:29:47: Uninstalling plugin: BSP Scene Manager
14:29:47: Plugin successfully uninstalled
14:29:47: Unloading library C:\PythonOgre\plugins\Plugin_BSPSceneManager.dll
14:29:47: Uninstalling plugin: ParticleFX
14:29:47: Plugin successfully uninstalled
14:29:47: Unloading library C:\PythonOgre\plugins\Plugin_ParticleFX.dll
14:29:47: Uninstalling plugin: D3D9 RenderSystem
14:29:47: D3D9 : Shutting down cleanly.
14:29:47: D3D9 : Direct3D9 Rendering Subsystem destroyed.
14:29:47: Plugin successfully uninstalled
14:29:47: Unloading library C:\PythonOgre\plugins\RenderSystem_Direct3D9.dll
14:29:47: Uninstalling plugin: GL RenderSystem
14:29:47: Unregistering ResourceManager for type GpuProgram
14:29:47: *** Stopping Win32GL Subsystem ***
14:29:47: Unregistering ResourceManager for type Texture
14:29:47: Plugin successfully uninstalled
14:29:47: Unloading library C:\PythonOgre\plugins\RenderSystem_GL.dll
14:29:47: Unregistering ResourceManager for type Material
